<?xml version="1.0" encoding="UTF-8"?>
<!-- Generated by org.testng.reporters.JUnitReportReporter -->
<testsuite hostname="IvanasDator" name="CalculatorTest" tests="4" failures="0" timestamp="28 Oct 2016 08:56:17 GMT" time="0.326" errors="0">
  <testcase name="testMultiply" time="0.060" classname="CalculatorTest"/>
  <testcase name="testSubtract" time="0.067" classname="CalculatorTest"/>
  <testcase name="testAdd" time="0.157" classname="CalculatorTest"/>
  <testcase name="testDivide" time="0.042" classname="CalculatorTest"/>
</testsuite> <!-- CalculatorTest -->
